[2020-10-20T22:51:53.920] [DEBUG] cheese - login => username:admin,password:123456
[2020-10-20T22:51:53.922] [DEBUG] cheese - admin
[2020-10-20T22:51:55.504] [DEBUG] cheese - null
[2020-10-20T22:51:55.505] [DEBUG] cheese - null
[2020-10-21T00:14:55.244] [DEBUG] cheese - login => username:admin,password:123456
[2020-10-21T00:14:55.245] [DEBUG] cheese - admin
[2020-10-21T00:14:55.307] [DEBUG] cheese - null
[2020-10-21T00:14:55.307] [DEBUG] cheese - null
[2020-10-21T00:16:25.412] [DEBUG] cheese - login => username:123,password:12312412
[2020-10-21T00:16:25.412] [DEBUG] cheese - 123
[2020-10-21T00:16:25.416] [DEBUG] cheese - null
[2020-10-21T00:16:25.416] [DEBUG] cheese - null
[2020-10-21T00:18:06.692] [DEBUG] cheese - login => username:123,password:1242141231
[2020-10-21T00:18:06.692] [DEBUG] cheese - 123
[2020-10-21T00:18:06.696] [DEBUG] cheese - null
[2020-10-21T00:18:06.696] [DEBUG] cheese - null
[2020-10-21T00:18:13.159] [DEBUG] cheese - login => username:admin,password:123456
[2020-10-21T00:18:13.159] [DEBUG] cheese - admin
[2020-10-21T00:18:13.164] [DEBUG] cheese - null
[2020-10-21T00:18:13.164] [DEBUG] cheese - null
[2020-10-21T00:22:42.073] [DEBUG] cheese - login => username:123,password:124124124
[2020-10-21T00:22:42.073] [DEBUG] cheese - 123
[2020-10-21T00:22:42.077] [DEBUG] cheese - null
[2020-10-21T00:22:42.077] [DEBUG] cheese - null
[2020-10-21T00:22:54.133] [DEBUG] cheese - login => username:admin,password:123456
[2020-10-21T00:22:54.133] [DEBUG] cheese - admin
[2020-10-21T00:22:54.137] [DEBUG] cheese - null
[2020-10-21T00:22:54.138] [DEBUG] cheese - null
[2020-10-21T00:26:15.079] [DEBUG] cheese - login => username:admin,password:123456
[2020-10-21T00:26:15.079] [DEBUG] cheese - admin
[2020-10-21T00:26:15.083] [DEBUG] cheese - null
[2020-10-21T00:26:15.083] [DEBUG] cheese - null
[2020-10-21T00:30:01.986] [DEBUG] cheese - login => username:admin,password:123456
[2020-10-21T00:30:01.986] [DEBUG] cheese - admin
[2020-10-21T00:30:01.989] [DEBUG] cheese - null
[2020-10-21T00:30:01.989] [DEBUG] cheese - null
[2020-10-21T00:30:19.132] [DEBUG] cheese - login => username:admin,password:123456
[2020-10-21T00:30:19.132] [DEBUG] cheese - admin
[2020-10-21T00:30:19.136] [DEBUG] cheese - null
[2020-10-21T00:30:19.136] [DEBUG] cheese - null
[2020-10-21T00:35:35.900] [DEBUG] cheese - login => username:admin,password:123456
[2020-10-21T00:35:35.901] [DEBUG] cheese - admin
[2020-10-21T00:35:35.906] [DEBUG] cheese - null
[2020-10-21T00:35:35.906] [DEBUG] cheese - null
[2020-10-21T00:50:48.256] [DEBUG] cheese - login => username:admin,password:123456
[2020-10-21T00:50:48.256] [DEBUG] cheese - admin
[2020-10-21T00:50:48.260] [DEBUG] cheese - null
[2020-10-21T00:50:48.260] [DEBUG] cheese - null
[2020-10-21T00:52:18.830] [DEBUG] cheese - login => username:admin,password:123456
[2020-10-21T00:52:18.830] [DEBUG] cheese - admin
[2020-10-21T00:52:18.836] [DEBUG] cheese - null
[2020-10-21T00:52:18.836] [DEBUG] cheese - null
[2020-10-21T01:50:52.149] [DEBUG] cheese - login => username:admin,password:123456
[2020-10-21T01:50:52.150] [DEBUG] cheese - admin
[2020-10-21T01:50:52.159] [DEBUG] cheese - null
[2020-10-21T01:50:52.159] [DEBUG] cheese - null
[2020-10-21T01:52:13.113] [DEBUG] cheese - login => username:admin,password:123456
[2020-10-21T01:52:13.113] [DEBUG] cheese - admin
[2020-10-21T01:52:13.119] [DEBUG] cheese - null
[2020-10-21T01:52:13.119] [DEBUG] cheese - null
[2020-10-23T00:16:04.792] [DEBUG] cheese - login => username:admin,password:123456
[2020-10-23T00:16:04.793] [DEBUG] cheese - admin
[2020-10-23T00:16:04.813] [DEBUG] cheese - null
[2020-10-23T00:16:04.813] [DEBUG] cheese - null
